<?xml version="1.0" encoding="UTF-8"?>
<!-- Generated by org.testng.reporters.JUnitReportReporter -->
<testsuite hostname="INVIND760" failures="0" tests="4" name="com.inetbanking.testCases.TC_0024_Mini_Statement_Invalid_Value_Test" time="25.284" errors="0" timestamp="24 Apr 2023 11:54:56 GMT" skipped="0">
  <testcase classname="com.inetbanking.testCases.TC_0024_Mini_Statement_Invalid_Value_Test" name="TC_0024_Mini_Statement_Inalid" time="5.691"/>
  <testcase classname="com.inetbanking.testCases.TC_0024_Mini_Statement_Invalid_Value_Test" name="TC_0024_Mini_Statement_Inalid" time="5.714"/>
  <testcase classname="com.inetbanking.testCases.TC_0024_Mini_Statement_Invalid_Value_Test" name="TC_0024_Mini_Statement_Inalid" time="6.009"/>
  <testcase classname="com.inetbanking.testCases.TC_0024_Mini_Statement_Invalid_Value_Test" name="TC_0024_Mini_Statement_Inalid" time="7.870"/>
</testsuite> <!-- com.inetbanking.testCases.TC_0024_Mini_Statement_Invalid_Value_Test -->
