<?xml version="1.0" encoding="UTF-8"?>
<!-- Generated by org.testng.reporters.JUnitReportReporter -->
<testsuite hostname="INVIND760" failures="0" tests="4" name="com.inetbanking.testCases.TC_0022_Balanace_Enquiry_Invalid_Test_Case" time="39.331" errors="0" timestamp="13 Apr 2023 05:05:48 GMT" skipped="0">
  <testcase classname="com.inetbanking.testCases.TC_0022_Balanace_Enquiry_Invalid_Test_Case" name="TC_0022_Balanace_Enquiry" time="8.558"/>
  <testcase classname="com.inetbanking.testCases.TC_0022_Balanace_Enquiry_Invalid_Test_Case" name="TC_0022_Balanace_Enquiry" time="8.809"/>
  <testcase classname="com.inetbanking.testCases.TC_0022_Balanace_Enquiry_Invalid_Test_Case" name="TC_0022_Balanace_Enquiry" time="13.110"/>
  <testcase classname="com.inetbanking.testCases.TC_0022_Balanace_Enquiry_Invalid_Test_Case" name="TC_0022_Balanace_Enquiry" time="8.854"/>
</testsuite> <!-- com.inetbanking.testCases.TC_0022_Balanace_Enquiry_Invalid_Test_Case -->
