<?xml version="1.0" encoding="UTF-8"?>
<!-- Generated by org.testng.reporters.JUnitReportReporter -->
<testsuite hostname="INVIND760" failures="0" tests="1" name="com.inetbanking.testCases.TC_0019_Fund_Transfer_Test" time="6.812" errors="0" timestamp="29 Apr 2023 17:16:51 GMT" skipped="0">
  <testcase classname="com.inetbanking.testCases.TC_0019_Fund_Transfer_Test" name="TC_0019_Fund_Transfer" time="6.812"/>
</testsuite> <!-- com.inetbanking.testCases.TC_0019_Fund_Transfer_Test -->
