<?xml version="1.0" encoding="UTF-8"?>
<!-- Generated by org.testng.reporters.JUnitReportReporter -->
<testsuite hostname="INVIND760" failures="0" tests="9" name="com.inetbanking.testCases.TC00_11_New_Account_Invalid_Value" time="111.076" errors="0" timestamp="17 Apr 2023 10:53:31 GMT" skipped="0">
  <testcase classname="com.inetbanking.testCases.TC00_11_New_Account_Invalid_Value" name="addAccount" time="13.331"/>
  <testcase classname="com.inetbanking.testCases.TC00_11_New_Account_Invalid_Value" name="addAccount" time="11.275"/>
  <testcase classname="com.inetbanking.testCases.TC00_11_New_Account_Invalid_Value" name="addAccount" time="11.739"/>
  <testcase classname="com.inetbanking.testCases.TC00_11_New_Account_Invalid_Value" name="addAccount" time="12.420"/>
  <testcase classname="com.inetbanking.testCases.TC00_11_New_Account_Invalid_Value" name="addAccount" time="13.187"/>
  <testcase classname="com.inetbanking.testCases.TC00_11_New_Account_Invalid_Value" name="addAccount" time="11.279"/>
  <testcase classname="com.inetbanking.testCases.TC00_11_New_Account_Invalid_Value" name="addAccount" time="13.339"/>
  <testcase classname="com.inetbanking.testCases.TC00_11_New_Account_Invalid_Value" name="addAccount" time="11.359"/>
  <testcase classname="com.inetbanking.testCases.TC00_11_New_Account_Invalid_Value" name="addAccount" time="13.147"/>
</testsuite> <!-- com.inetbanking.testCases.TC00_11_New_Account_Invalid_Value -->
