<?xml version="1.0" encoding="UTF-8"?>
<!-- Generated by org.testng.reporters.JUnitReportReporter -->
<testsuite hostname="LAPTOP-3QUQA1CL" failures="0" tests="1" name="com.inetbanking.testCases.TC_LoginTest_001" time="3.613" errors="0" timestamp="28 Aug 2023 11:57:19 GMT" skipped="0">
  <testcase classname="com.inetbanking.testCases.TC_LoginTest_001" name="loginTest" time="3.613"/>
</testsuite> <!-- com.inetbanking.testCases.TC_LoginTest_001 -->
