<?xml version="1.0" encoding="UTF-8"?>
<!-- Generated by org.testng.reporters.JUnitReportReporter -->
<testsuite hostname="LAPTOP-3QUQA1CL" failures="0" tests="5" name="com.inetbanking.testCases.TC_Login_Invalid_Credantial_DDT_002" time="28.020" errors="0" timestamp="28 Aug 2023 11:57:19 GMT" skipped="0">
  <testcase classname="com.inetbanking.testCases.TC_Login_Invalid_Credantial_DDT_002" name="loginInvalidDDT" time="6.761"/>
  <testcase classname="com.inetbanking.testCases.TC_Login_Invalid_Credantial_DDT_002" name="loginInvalidDDT" time="4.737"/>
  <testcase classname="com.inetbanking.testCases.TC_Login_Invalid_Credantial_DDT_002" name="loginInvalidDDT" time="5.245"/>
  <testcase classname="com.inetbanking.testCases.TC_Login_Invalid_Credantial_DDT_002" name="loginInvalidDDT" time="5.551"/>
  <testcase classname="com.inetbanking.testCases.TC_Login_Invalid_Credantial_DDT_002" name="loginInvalidDDT" time="5.726"/>
</testsuite> <!-- com.inetbanking.testCases.TC_Login_Invalid_Credantial_DDT_002 -->
