<?xml version="1.0" encoding="UTF-8"?>
<!-- Generated by org.testng.reporters.JUnitReportReporter -->
<testsuite hostname="LAPTOP-3QUQA1CL" failures="0" tests="1" name="com.inetbanking.testCases.TC_0015_Money_Withdrawal" time="11.417" errors="0" timestamp="30 Apr 2023 17:55:47 GMT" skipped="0">
  <testcase classname="com.inetbanking.testCases.TC_0015_Money_Withdrawal" name="TC_0015_Widrawa_Money" time="11.417"/>
</testsuite> <!-- com.inetbanking.testCases.TC_0015_Money_Withdrawal -->
